Performing C++ SOURCE FILE Test CMAKE_HAVE_LIBC_PTHREAD failed with the following output:
Change Dir: /home/leedssc/paho.mqtt.cpp/build/CMakeFiles/CMakeTmp

Run Build Command(s):/usr/bin/make cmTC_52568/fast && /usr/bin/make -f CMakeFiles/cmTC_52568.dir/build.make CMakeFiles/cmTC_52568.dir/build
make[1]: Entering directory '/home/leedssc/paho.mqtt.cpp/build/CMakeFiles/CMakeTmp'
Building CXX object CMakeFiles/cmTC_52568.dir/src.cxx.o
/usr/bin/c++    -DCMAKE_HAVE_LIBC_PTHREAD -fPIE   -o CMakeFiles/cmTC_52568.dir/src.cxx.o -c /home/leedssc/paho.mqtt.cpp/build/CMakeFiles/CMakeTmp/src.cxx
Linking CXX executable cmTC_52568
/usr/bin/cmake -E cmake_link_script CMakeFiles/cmTC_52568.dir/link.txt --verbose=1
/usr/bin/c++   -DCMAKE_HAVE_LIBC_PTHREAD    CMakeFiles/cmTC_52568.dir/src.cxx.o  -o cmTC_52568 
/usr/bin/ld: CMakeFiles/cmTC_52568.dir/src.cxx.o: in function `main':
src.cxx:(.text+0x48): undefined reference to `pthread_create'
/usr/bin/ld: src.cxx:(.text+0x50): undefined reference to `pthread_detach'
/usr/bin/ld: src.cxx:(.text+0x5c): undefined reference to `pthread_join'
collect2: error: ld returned 1 exit status
make[1]: *** [CMakeFiles/cmTC_52568.dir/build.make:87: cmTC_52568] Error 1
make[1]: Leaving directory '/home/leedssc/paho.mqtt.cpp/build/CMakeFiles/CMakeTmp'
make: *** [Makefile:121: cmTC_52568/fast] Error 2


Source file was:
#include <pthread.h>

void* test_func(void* data)
{
  return data;
}

int main(void)
{
  pthread_t thread;
  pthread_create(&thread, NULL, test_func, NULL);
  pthread_detach(thread);
  pthread_join(thread, NULL);
  pthread_atfork(NULL, NULL, NULL);
  pthread_exit(NULL);

  return 0;
}

